<!DOCTYPE html PUBLIC "-//W3C//DTD XHTML 1.1//EN" "http://www.w3.org/TR/xhtml11/DTD/xhtml11.dtd">
<html xmlns="http://www.w3.org/1999/xhtml"><head><title>TestNG Report</title><style type="text/css">table {margin-bottom:10px;border-collapse:collapse;empty-cells:show}th,td {border:1px solid #009;padding:.25em .5em}th {vertical-align:bottom}td {vertical-align:top}table a {font-weight:bold}.stripe td {background-color: #E6EBF9}.num {text-align:right}.passedodd td {background-color: #3F3}.passedeven td {background-color: #0A0}.skippedodd td {background-color: #DDD}.skippedeven td {background-color: #CCC}.failedodd td,.attn {background-color: #F33}.failedeven td,.stripe .attn {background-color: #D00}.stacktrace {white-space:pre;font-family:monospace}.totop {font-size:85%;text-align:center;border-bottom:2px solid #000}</style></head><body><table><tr><th>Test</th><th># Passed</th><th># Skipped</th><th># Failed</th><th>Time (ms)</th><th>Included Groups</th><th>Excluded Groups</th></tr><tr><th colspan="7">Default suite</th></tr><tr><td><a href="#t0">Default test</a></td><td class="num">15</td><td class="num">0</td><td class="num attn">2</td><td class="num">63,784</td><td></td><td></td></tr></table><table><thead><tr><th>Class</th><th>Method</th><th>Start</th><th>Time (ms)</th></tr></thead><tbody><tr><th colspan="4">Default suite</th></tr></tbody><tbody id="t0"><tr><th colspan="4">Default test &#8212; failed</th></tr><tr class="failedeven"><td rowspan="2">consoleTest.AssessBatchTest</td><td><a href="#m0">BatchTest2016</a></td><td rowspan="1">1539221459531</td><td rowspan="1">662</td></tr><tr class="failedeven"><td><a href="#m1">SetFlagAtSecondEmployee</a></td><td rowspan="1">1539221499955</td><td rowspan="1">11097</td></tr><tr><th colspan="4">Default test &#8212; passed</th></tr><tr class="passedeven"><td rowspan="15">consoleTest.AssessBatchTest</td><td><a href="#m2">AddWeek</a></td><td rowspan="1">1539221489608</td><td rowspan="1">10345</td></tr><tr class="passedeven"><td><a href="#m3">AddWeekCloseNoAdd</a></td><td rowspan="1">1539221479248</td><td rowspan="1">10358</td></tr><tr class="passedeven"><td><a href="#m4">AssessmentNote</a></td><td rowspan="1">1539221514624</td><td rowspan="1">3377</td></tr><tr class="passedeven"><td><a href="#m5">AssessmentsFilledOut</a></td><td rowspan="1">1539221511058</td><td rowspan="1">3565</td></tr><tr class="passedeven"><td><a href="#m6">BatchTest2017</a></td><td rowspan="1">1539221458106</td><td rowspan="1">1424</td></tr><tr class="passedeven"><td><a href="#m7">BatchTest2018</a></td><td rowspan="1">1539221455979</td><td rowspan="1">2125</td></tr><tr class="passedeven"><td><a href="#m8">BatchTest2019</a></td><td rowspan="1">1539221454629</td><td rowspan="1">1348</td></tr><tr class="passedeven"><td><a href="#m9">BranchSummaryNote</a></td><td rowspan="1">1539221518002</td><td rowspan="1">258</td></tr><tr class="passedeven"><td><a href="#m10">CanCloseImportGrades</a></td><td rowspan="1">1539221475424</td><td rowspan="1">790</td></tr><tr class="passedeven"><td><a href="#m11">CanCreateAssessment</a></td><td rowspan="1">1539221460196</td><td rowspan="1">57</td></tr><tr class="passedeven"><td><a href="#m12">CanImportGrades</a></td><td rowspan="1">1539221475375</td><td rowspan="1">47</td></tr><tr class="passedeven"><td><a href="#m13">CloseCANoSave</a></td><td rowspan="1">1539221460254</td><td rowspan="1">7653</td></tr><tr class="passedeven"><td><a href="#m14">SaveCA</a></td><td rowspan="1">1539221467910</td><td rowspan="1">7463</td></tr><tr class="passedeven"><td><a href="#m15">WatchSaveSpin</a></td><td rowspan="1">1539221518261</td><td rowspan="1">140</td></tr><tr class="passedeven"><td><a href="#m16">WeeksAvailable</a></td><td rowspan="1">1539221476215</td><td rowspan="1">3031</td></tr></tbody></table><h2>Default test</h2><h3 id="m0">consoleTest.AssessBatchTest#BatchTest2016</h3><table class="result"><tr><th>Exception</th></tr><tr><td><div class="stacktrace">java.lang.AssertionError: expected [Patrick Walsh - 5/1/16 ] but found [Patrick Walsh - 11/18/16 ]
	at org.testng.Assert.fail(Assert.java:94)
	at org.testng.Assert.failNotEquals(Assert.java:513)
	at org.testng.Assert.assertEqualsImpl(Assert.java:135)
	at org.testng.Assert.assertEquals(Assert.java:116)
	at org.testng.Assert.assertEquals(Assert.java:190)
	at org.testng.Assert.assertEquals(Assert.java:200)
	at consoleTest.AssessBatchTest.BatchTest2016(AssessBatchTest.java:75)
	at sun.reflect.NativeMethodAccessorImpl.invoke0(Native Method)
	at sun.reflect.NativeMethodAccessorImpl.invoke(Unknown Source)
	at sun.reflect.DelegatingMethodAccessorImpl.invoke(Unknown Source)
	at java.lang.reflect.Method.invoke(Unknown Source)
	at org.testng.internal.MethodInvocationHelper.invokeMethod(MethodInvocationHelper.java:86)
	at org.testng.internal.Invoker.invokeMethod(Invoker.java:643)
	at org.testng.internal.Invoker.invokeTestMethod(Invoker.java:820)
	at org.testng.internal.Invoker.invokeTestMethods(Invoker.java:1128)
	at org.testng.internal.TestMethodWorker.invokeTestMethods(TestMethodWorker.java:129)
	at org.testng.internal.TestMethodWorker.run(TestMethodWorker.java:112)
	at org.testng.TestRunner.privateRun(TestRunner.java:782)
	at org.testng.TestRunner.run(TestRunner.java:632)
	at org.testng.SuiteRunner.runTest(SuiteRunner.java:366)
	at org.testng.SuiteRunner.runSequentially(SuiteRunner.java:361)
	at org.testng.SuiteRunner.privateRun(SuiteRunner.java:319)
	at org.testng.SuiteRunner.run(SuiteRunner.java:268)
	at org.testng.SuiteRunnerWorker.runSuite(SuiteRunnerWorker.java:52)
	at org.testng.SuiteRunnerWorker.run(SuiteRunnerWorker.java:86)
	at org.testng.TestNG.runSuitesSequentially(TestNG.java:1244)
	at org.testng.TestNG.runSuitesLocally(TestNG.java:1169)
	at org.testng.TestNG.run(TestNG.java:1064)
	at org.testng.remote.AbstractRemoteTestNG.run(AbstractRemoteTestNG.java:114)
	at org.testng.remote.RemoteTestNG.initAndRun(RemoteTestNG.java:251)
	at org.testng.remote.RemoteTestNG.main(RemoteTestNG.java:77)
</div></td></tr></table><p class="totop"><a href="#summary">back to summary</a></p><h3 id="m1">consoleTest.AssessBatchTest#SetFlagAtSecondEmployee</h3><table class="result"><tr><th>Exception</th></tr><tr><td><div class="stacktrace">org.openqa.selenium.NoSuchElementException: no such element: Unable to locate element: {&quot;method&quot;:&quot;xpath&quot;,&quot;selector&quot;:&quot;//*[@id=&quot;trainer-assess-table&quot;]/div/div/ul/ul/table/tbody/tr[2]/td[2]/form/input[1]&quot;}
  (Session info: chrome=69.0.3497.100)
  (Driver info: chromedriver=2.42.591088 (7b2b2dca23cca0862f674758c9a3933e685c27d5),platform=Windows NT 6.1.7601 SP1 x86_64) (WARNING: The server did not provide any stacktrace information)
Command duration or timeout: 0 milliseconds
For documentation on this error, please visit: http://seleniumhq.org/exceptions/no_such_element.html
Build info: version: &apos;3.8.1&apos;, revision: &apos;6e95a6684b&apos;, time: &apos;2017-12-01T18:33:54.468Z&apos;
System info: host: &apos;AHM-PC&apos;, ip: &apos;172.16.112.104&apos;, os.name: &apos;Windows 7&apos;, os.arch: &apos;amd64&apos;, os.version: &apos;6.1&apos;, java.version: &apos;1.8.0_181&apos;
Driver info: org.openqa.selenium.chrome.ChromeDriver
Capabilities {acceptInsecureCerts: false, acceptSslCerts: false, applicationCacheEnabled: false, browserConnectionEnabled: false, browserName: chrome, chrome: {chromedriverVersion: 2.42.591088 (7b2b2dca23cca0..., userDataDir: C:\Users\AHM\AppData\Local\...}, cssSelectorsEnabled: true, databaseEnabled: false, goog:chromeOptions: {debuggerAddress: localhost:56240}, handlesAlerts: true, hasTouchScreen: false, javascriptEnabled: true, locationContextEnabled: true, mobileEmulationEnabled: false, nativeEvents: true, networkConnectionEnabled: false, pageLoadStrategy: normal, platform: XP, platformName: XP, rotatable: false, setWindowRect: true, takesHeapSnapshot: true, takesScreenshot: true, unexpectedAlertBehaviour: , unhandledPromptBehavior: , version: 69.0.3497.100, webStorageEnabled: true}
Session ID: ec936030e544719af7c30f0fd2a35673
*** Element info: {Using=xpath, value=//*[@id=&quot;trainer-assess-table&quot;]/div/div/ul/ul/table/tbody/tr[2]/td[2]/form/input[1]}
	at sun.reflect.GeneratedConstructorAccessor13.newInstance(Unknown Source)
	at sun.reflect.DelegatingConstructorAccessorImpl.newInstance(Unknown Source)
	at java.lang.reflect.Constructor.newInstance(Unknown Source)
	at org.openqa.selenium.remote.ErrorHandler.createThrowable(ErrorHandler.java:214)
	at org.openqa.selenium.remote.ErrorHandler.throwIfResponseFailed(ErrorHandler.java:166)
	at org.openqa.selenium.remote.http.JsonHttpResponseCodec.reconstructValue(JsonHttpResponseCodec.java:40)
	at org.openqa.selenium.remote.http.AbstractHttpResponseCodec.decode(AbstractHttpResponseCodec.java:80)
	at org.openqa.selenium.remote.http.AbstractHttpResponseCodec.decode(AbstractHttpResponseCodec.java:44)
	at org.openqa.selenium.remote.HttpCommandExecutor.execute(HttpCommandExecutor.java:164)
	at org.openqa.selenium.remote.service.DriverCommandExecutor.execute(DriverCommandExecutor.java:83)
	at org.openqa.selenium.remote.RemoteWebDriver.execute(RemoteWebDriver.java:601)
	at org.openqa.selenium.remote.RemoteWebDriver.findElement(RemoteWebDriver.java:371)
	at org.openqa.selenium.remote.RemoteWebDriver.findElementByXPath(RemoteWebDriver.java:473)
	at org.openqa.selenium.By$ByXPath.findElement(By.java:361)
	at org.openqa.selenium.remote.RemoteWebDriver.findElement(RemoteWebDriver.java:363)
	at pages.AssessBatch.getFlagComment(AssessBatch.java:453)
	at consoleTest.AssessBatchTest.SetFlagAtSecondEmployee(AssessBatchTest.java:137)
	at sun.reflect.NativeMethodAccessorImpl.invoke0(Native Method)
	at sun.reflect.NativeMethodAccessorImpl.invoke(Unknown Source)
	at sun.reflect.DelegatingMethodAccessorImpl.invoke(Unknown Source)
	at java.lang.reflect.Method.invoke(Unknown Source)
	at org.testng.internal.MethodInvocationHelper.invokeMethod(MethodInvocationHelper.java:86)
	at org.testng.internal.Invoker.invokeMethod(Invoker.java:643)
	at org.testng.internal.Invoker.invokeTestMethod(Invoker.java:820)
	at org.testng.internal.Invoker.invokeTestMethods(Invoker.java:1128)
	at org.testng.internal.TestMethodWorker.invokeTestMethods(TestMethodWorker.java:129)
	at org.testng.internal.TestMethodWorker.run(TestMethodWorker.java:112)
	at org.testng.TestRunner.privateRun(TestRunner.java:782)
	at org.testng.TestRunner.run(TestRunner.java:632)
	at org.testng.SuiteRunner.runTest(SuiteRunner.java:366)
	at org.testng.SuiteRunner.runSequentially(SuiteRunner.java:361)
	at org.testng.SuiteRunner.privateRun(SuiteRunner.java:319)
	at org.testng.SuiteRunner.run(SuiteRunner.java:268)
	at org.testng.SuiteRunnerWorker.runSuite(SuiteRunnerWorker.java:52)
	at org.testng.SuiteRunnerWorker.run(SuiteRunnerWorker.java:86)
	at org.testng.TestNG.runSuitesSequentially(TestNG.java:1244)
	at org.testng.TestNG.runSuitesLocally(TestNG.java:1169)
	at org.testng.TestNG.run(TestNG.java:1064)
	at org.testng.remote.AbstractRemoteTestNG.run(AbstractRemoteTestNG.java:114)
	at org.testng.remote.RemoteTestNG.initAndRun(RemoteTestNG.java:251)
	at org.testng.remote.RemoteTestNG.main(RemoteTestNG.java:77)
</div></td></tr></table><p class="totop"><a href="#summary">back to summary</a></p><h3 id="m2">consoleTest.AssessBatchTest#AddWeek</h3><table class="result"></table><p class="totop"><a href="#summary">back to summary</a></p><h3 id="m3">consoleTest.AssessBatchTest#AddWeekCloseNoAdd</h3><table class="result"></table><p class="totop"><a href="#summary">back to summary</a></p><h3 id="m4">consoleTest.AssessBatchTest#AssessmentNote</h3><table class="result"></table><p class="totop"><a href="#summary">back to summary</a></p><h3 id="m5">consoleTest.AssessBatchTest#AssessmentsFilledOut</h3><table class="result"></table><p class="totop"><a href="#summary">back to summary</a></p><h3 id="m6">consoleTest.AssessBatchTest#BatchTest2017</h3><table class="result"></table><p class="totop"><a href="#summary">back to summary</a></p><h3 id="m7">consoleTest.AssessBatchTest#BatchTest2018</h3><table class="result"></table><p class="totop"><a href="#summary">back to summary</a></p><h3 id="m8">consoleTest.AssessBatchTest#BatchTest2019</h3><table class="result"></table><p class="totop"><a href="#summary">back to summary</a></p><h3 id="m9">consoleTest.AssessBatchTest#BranchSummaryNote</h3><table class="result"></table><p class="totop"><a href="#summary">back to summary</a></p><h3 id="m10">consoleTest.AssessBatchTest#CanCloseImportGrades</h3><table class="result"></table><p class="totop"><a href="#summary">back to summary</a></p><h3 id="m11">consoleTest.AssessBatchTest#CanCreateAssessment</h3><table class="result"></table><p class="totop"><a href="#summary">back to summary</a></p><h3 id="m12">consoleTest.AssessBatchTest#CanImportGrades</h3><table class="result"></table><p class="totop"><a href="#summary">back to summary</a></p><h3 id="m13">consoleTest.AssessBatchTest#CloseCANoSave</h3><table class="result"></table><p class="totop"><a href="#summary">back to summary</a></p><h3 id="m14">consoleTest.AssessBatchTest#SaveCA</h3><table class="result"></table><p class="totop"><a href="#summary">back to summary</a></p><h3 id="m15">consoleTest.AssessBatchTest#WatchSaveSpin</h3><table class="result"></table><p class="totop"><a href="#summary">back to summary</a></p><h3 id="m16">consoleTest.AssessBatchTest#WeeksAvailable</h3><table class="result"></table><p class="totop"><a href="#summary">back to summary</a></p></body></html>