<?xml version="1.0" encoding="UTF-8"?>
<testng-results skipped="0" failed="2" total="17" passed="15">
  <reporter-output>
  </reporter-output>
  <suite name="Default suite" duration-ms="63784" started-at="2018-10-11T01:30:54Z" finished-at="2018-10-11T01:31:58Z">
    <groups>
    </groups>
    <test name="Default test" duration-ms="63784" started-at="2018-10-11T01:30:54Z" finished-at="2018-10-11T01:31:58Z">
      <class name="consoleTest.AssessBatchTest">
        <test-method status="PASS" signature="setDriversLoginAssessBatch()[pri:0, instance:consoleTest.AssessBatchTest@18be83e4]" name="setDriversLoginAssessBatch" is-config="true" duration-ms="11549" started-at="2018-10-10T21:30:43Z" finished-at="2018-10-10T21:30:54Z">
          <reporter-output>
          </reporter-output>
        </test-method> <!-- setDriversLoginAssessBatch -->
        <test-method status="PASS" signature="BatchTest2019()[pri:1, instance:consoleTest.AssessBatchTest@18be83e4]" name="BatchTest2019" duration-ms="1348" started-at="2018-10-10T21:30:54Z" finished-at="2018-10-10T21:30:55Z">
          <reporter-output>
          </reporter-output>
        </test-method> <!-- BatchTest2019 -->
        <test-method status="PASS" signature="BatchTest2018()[pri:2, instance:consoleTest.AssessBatchTest@18be83e4]" name="BatchTest2018" duration-ms="2125" started-at="2018-10-10T21:30:55Z" finished-at="2018-10-10T21:30:58Z">
          <reporter-output>
          </reporter-output>
        </test-method> <!-- BatchTest2018 -->
        <test-method status="PASS" signature="BatchTest2017()[pri:3, instance:consoleTest.AssessBatchTest@18be83e4]" name="BatchTest2017" duration-ms="1424" started-at="2018-10-10T21:30:58Z" finished-at="2018-10-10T21:30:59Z">
          <reporter-output>
          </reporter-output>
        </test-method> <!-- BatchTest2017 -->
        <test-method status="FAIL" signature="BatchTest2016()[pri:4, instance:consoleTest.AssessBatchTest@18be83e4]" name="BatchTest2016" duration-ms="662" started-at="2018-10-10T21:30:59Z" finished-at="2018-10-10T21:31:00Z">
          <exception class="java.lang.AssertionError">
            <message>
              <![CDATA[expected [Patrick Walsh - 5/1/16 ] but found [Patrick Walsh - 11/18/16 ]]]>
            </message>
            <full-stacktrace>
              <![CDATA[java.lang.AssertionError: expected [Patrick Walsh - 5/1/16 ] but found [Patrick Walsh - 11/18/16 ]
	at org.testng.Assert.fail(Assert.java:94)
	at org.testng.Assert.failNotEquals(Assert.java:513)
	at org.testng.Assert.assertEqualsImpl(Assert.java:135)
	at org.testng.Assert.assertEquals(Assert.java:116)
	at org.testng.Assert.assertEquals(Assert.java:190)
	at org.testng.Assert.assertEquals(Assert.java:200)
	at consoleTest.AssessBatchTest.BatchTest2016(AssessBatchTest.java:75)
	at sun.reflect.NativeMethodAccessorImpl.invoke0(Native Method)
	at sun.reflect.NativeMethodAccessorImpl.invoke(Unknown Source)
	at sun.reflect.DelegatingMethodAccessorImpl.invoke(Unknown Source)
	at java.lang.reflect.Method.invoke(Unknown Source)
	at org.testng.internal.MethodInvocationHelper.invokeMethod(MethodInvocationHelper.java:86)
	at org.testng.internal.Invoker.invokeMethod(Invoker.java:643)
	at org.testng.internal.Invoker.invokeTestMethod(Invoker.java:820)
	at org.testng.internal.Invoker.invokeTestMethods(Invoker.java:1128)
	at org.testng.internal.TestMethodWorker.invokeTestMethods(TestMethodWorker.java:129)
	at org.testng.internal.TestMethodWorker.run(TestMethodWorker.java:112)
	at org.testng.TestRunner.privateRun(TestRunner.java:782)
	at org.testng.TestRunner.run(TestRunner.java:632)
	at org.testng.SuiteRunner.runTest(SuiteRunner.java:366)
	at org.testng.SuiteRunner.runSequentially(SuiteRunner.java:361)
	at org.testng.SuiteRunner.privateRun(SuiteRunner.java:319)
	at org.testng.SuiteRunner.run(SuiteRunner.java:268)
	at org.testng.SuiteRunnerWorker.runSuite(SuiteRunnerWorker.java:52)
	at org.testng.SuiteRunnerWorker.run(SuiteRunnerWorker.java:86)
	at org.testng.TestNG.runSuitesSequentially(TestNG.java:1244)
	at org.testng.TestNG.runSuitesLocally(TestNG.java:1169)
	at org.testng.TestNG.run(TestNG.java:1064)
	at org.testng.remote.AbstractRemoteTestNG.run(AbstractRemoteTestNG.java:114)
	at org.testng.remote.RemoteTestNG.initAndRun(RemoteTestNG.java:251)
	at org.testng.remote.RemoteTestNG.main(RemoteTestNG.java:77)
]]>
            </full-stacktrace>
          </exception> <!-- java.lang.AssertionError -->
          <reporter-output>
          </reporter-output>
        </test-method> <!-- BatchTest2016 -->
        <test-method status="PASS" signature="CanCreateAssessment()[pri:5, instance:consoleTest.AssessBatchTest@18be83e4]" name="CanCreateAssessment" duration-ms="57" started-at="2018-10-10T21:31:00Z" finished-at="2018-10-10T21:31:00Z">
          <reporter-output>
          </reporter-output>
        </test-method> <!-- CanCreateAssessment -->
        <test-method status="PASS" signature="CloseCANoSave()[pri:6, instance:consoleTest.AssessBatchTest@18be83e4]" name="CloseCANoSave" duration-ms="7653" started-at="2018-10-10T21:31:00Z" finished-at="2018-10-10T21:31:07Z">
          <reporter-output>
          </reporter-output>
        </test-method> <!-- CloseCANoSave -->
        <test-method status="PASS" signature="SaveCA()[pri:7, instance:consoleTest.AssessBatchTest@18be83e4]" name="SaveCA" duration-ms="7463" started-at="2018-10-10T21:31:07Z" finished-at="2018-10-10T21:31:15Z">
          <reporter-output>
          </reporter-output>
        </test-method> <!-- SaveCA -->
        <test-method status="PASS" signature="CanImportGrades()[pri:8, instance:consoleTest.AssessBatchTest@18be83e4]" name="CanImportGrades" duration-ms="47" started-at="2018-10-10T21:31:15Z" finished-at="2018-10-10T21:31:15Z">
          <reporter-output>
          </reporter-output>
        </test-method> <!-- CanImportGrades -->
        <test-method status="PASS" signature="CanCloseImportGrades()[pri:9, instance:consoleTest.AssessBatchTest@18be83e4]" name="CanCloseImportGrades" duration-ms="790" started-at="2018-10-10T21:31:15Z" finished-at="2018-10-10T21:31:16Z">
          <reporter-output>
          </reporter-output>
        </test-method> <!-- CanCloseImportGrades -->
        <test-method status="PASS" signature="WeeksAvailable()[pri:10, instance:consoleTest.AssessBatchTest@18be83e4]" name="WeeksAvailable" duration-ms="3031" started-at="2018-10-10T21:31:16Z" finished-at="2018-10-10T21:31:19Z">
          <reporter-output>
          </reporter-output>
        </test-method> <!-- WeeksAvailable -->
        <test-method status="PASS" signature="AddWeekCloseNoAdd()[pri:11, instance:consoleTest.AssessBatchTest@18be83e4]" name="AddWeekCloseNoAdd" duration-ms="10358" started-at="2018-10-10T21:31:19Z" finished-at="2018-10-10T21:31:29Z">
          <reporter-output>
          </reporter-output>
        </test-method> <!-- AddWeekCloseNoAdd -->
        <test-method status="PASS" signature="AddWeek()[pri:12, instance:consoleTest.AssessBatchTest@18be83e4]" name="AddWeek" duration-ms="10345" started-at="2018-10-10T21:31:29Z" finished-at="2018-10-10T21:31:39Z">
          <reporter-output>
          </reporter-output>
        </test-method> <!-- AddWeek -->
        <test-method status="FAIL" signature="SetFlagAtSecondEmployee()[pri:13, instance:consoleTest.AssessBatchTest@18be83e4]" name="SetFlagAtSecondEmployee" duration-ms="11097" started-at="2018-10-10T21:31:39Z" finished-at="2018-10-10T21:31:51Z">
          <exception class="org.openqa.selenium.NoSuchElementException">
            <message>
              <![CDATA[no such element: Unable to locate element: {"method":"xpath","selector":"//*[@id="trainer-assess-table"]/div/div/ul/ul/table/tbody/tr[2]/td[2]/form/input[1]"}
  (Session info: chrome=69.0.3497.100)
  (Driver info: chromedriver=2.42.591088 (7b2b2dca23cca0862f674758c9a3933e685c27d5),platform=Windows NT 6.1.7601 SP1 x86_64) (WARNING: The server did not provide any stacktrace information)
Command duration or timeout: 0 milliseconds
For documentation on this error, please visit: http://seleniumhq.org/exceptions/no_such_element.html
Build info: version: '3.8.1', revision: '6e95a6684b', time: '2017-12-01T18:33:54.468Z'
System info: host: 'AHM-PC', ip: '172.16.112.104', os.name: 'Windows 7', os.arch: 'amd64', os.version: '6.1', java.version: '1.8.0_181'
Driver info: org.openqa.selenium.chrome.ChromeDriver
Capabilities {acceptInsecureCerts: false, acceptSslCerts: false, applicationCacheEnabled: false, browserConnectionEnabled: false, browserName: chrome, chrome: {chromedriverVersion: 2.42.591088 (7b2b2dca23cca0..., userDataDir: C:\Users\AHM\AppData\Local\...}, cssSelectorsEnabled: true, databaseEnabled: false, goog:chromeOptions: {debuggerAddress: localhost:56240}, handlesAlerts: true, hasTouchScreen: false, javascriptEnabled: true, locationContextEnabled: true, mobileEmulationEnabled: false, nativeEvents: true, networkConnectionEnabled: false, pageLoadStrategy: normal, platform: XP, platformName: XP, rotatable: false, setWindowRect: true, takesHeapSnapshot: true, takesScreenshot: true, unexpectedAlertBehaviour: , unhandledPromptBehavior: , version: 69.0.3497.100, webStorageEnabled: true}
Session ID: ec936030e544719af7c30f0fd2a35673
*** Element info: {Using=xpath, value=//*[@id="trainer-assess-table"]/div/div/ul/ul/table/tbody/tr[2]/td[2]/form/input[1]}]]>
            </message>
            <full-stacktrace>
              <![CDATA[org.openqa.selenium.NoSuchElementException: no such element: Unable to locate element: {"method":"xpath","selector":"//*[@id="trainer-assess-table"]/div/div/ul/ul/table/tbody/tr[2]/td[2]/form/input[1]"}
  (Session info: chrome=69.0.3497.100)
  (Driver info: chromedriver=2.42.591088 (7b2b2dca23cca0862f674758c9a3933e685c27d5),platform=Windows NT 6.1.7601 SP1 x86_64) (WARNING: The server did not provide any stacktrace information)
Command duration or timeout: 0 milliseconds
For documentation on this error, please visit: http://seleniumhq.org/exceptions/no_such_element.html
Build info: version: '3.8.1', revision: '6e95a6684b', time: '2017-12-01T18:33:54.468Z'
System info: host: 'AHM-PC', ip: '172.16.112.104', os.name: 'Windows 7', os.arch: 'amd64', os.version: '6.1', java.version: '1.8.0_181'
Driver info: org.openqa.selenium.chrome.ChromeDriver
Capabilities {acceptInsecureCerts: false, acceptSslCerts: false, applicationCacheEnabled: false, browserConnectionEnabled: false, browserName: chrome, chrome: {chromedriverVersion: 2.42.591088 (7b2b2dca23cca0..., userDataDir: C:\Users\AHM\AppData\Local\...}, cssSelectorsEnabled: true, databaseEnabled: false, goog:chromeOptions: {debuggerAddress: localhost:56240}, handlesAlerts: true, hasTouchScreen: false, javascriptEnabled: true, locationContextEnabled: true, mobileEmulationEnabled: false, nativeEvents: true, networkConnectionEnabled: false, pageLoadStrategy: normal, platform: XP, platformName: XP, rotatable: false, setWindowRect: true, takesHeapSnapshot: true, takesScreenshot: true, unexpectedAlertBehaviour: , unhandledPromptBehavior: , version: 69.0.3497.100, webStorageEnabled: true}
Session ID: ec936030e544719af7c30f0fd2a35673
*** Element info: {Using=xpath, value=//*[@id="trainer-assess-table"]/div/div/ul/ul/table/tbody/tr[2]/td[2]/form/input[1]}
	at sun.reflect.GeneratedConstructorAccessor13.newInstance(Unknown Source)
	at sun.reflect.DelegatingConstructorAccessorImpl.newInstance(Unknown Source)
	at java.lang.reflect.Constructor.newInstance(Unknown Source)
	at org.openqa.selenium.remote.ErrorHandler.createThrowable(ErrorHandler.java:214)
	at org.openqa.selenium.remote.ErrorHandler.throwIfResponseFailed(ErrorHandler.java:166)
	at org.openqa.selenium.remote.http.JsonHttpResponseCodec.reconstructValue(JsonHttpResponseCodec.java:40)
	at org.openqa.selenium.remote.http.AbstractHttpResponseCodec.decode(AbstractHttpResponseCodec.java:80)
	at org.openqa.selenium.remote.http.AbstractHttpResponseCodec.decode(AbstractHttpResponseCodec.java:44)
	at org.openqa.selenium.remote.HttpCommandExecutor.execute(HttpCommandExecutor.java:164)
	at org.openqa.selenium.remote.service.DriverCommandExecutor.execute(DriverCommandExecutor.java:83)
	at org.openqa.selenium.remote.RemoteWebDriver.execute(RemoteWebDriver.java:601)
	at org.openqa.selenium.remote.RemoteWebDriver.findElement(RemoteWebDriver.java:371)
	at org.openqa.selenium.remote.RemoteWebDriver.findElementByXPath(RemoteWebDriver.java:473)
	at org.openqa.selenium.By$ByXPath.findElement(By.java:361)
	at org.openqa.selenium.remote.RemoteWebDriver.findElement(RemoteWebDriver.java:363)
	at pages.AssessBatch.getFlagComment(AssessBatch.java:453)
	at consoleTest.AssessBatchTest.SetFlagAtSecondEmployee(AssessBatchTest.java:137)
	at sun.reflect.NativeMethodAccessorImpl.invoke0(Native Method)
	at sun.reflect.NativeMethodAccessorImpl.invoke(Unknown Source)
	at sun.reflect.DelegatingMethodAccessorImpl.invoke(Unknown Source)
	at java.lang.reflect.Method.invoke(Unknown Source)
	at org.testng.internal.MethodInvocationHelper.invokeMethod(MethodInvocationHelper.java:86)
	at org.testng.internal.Invoker.invokeMethod(Invoker.java:643)
	at org.testng.internal.Invoker.invokeTestMethod(Invoker.java:820)
	at org.testng.internal.Invoker.invokeTestMethods(Invoker.java:1128)
	at org.testng.internal.TestMethodWorker.invokeTestMethods(TestMethodWorker.java:129)
	at org.testng.internal.TestMethodWorker.run(TestMethodWorker.java:112)
	at org.testng.TestRunner.privateRun(TestRunner.java:782)
	at org.testng.TestRunner.run(TestRunner.java:632)
	at org.testng.SuiteRunner.runTest(SuiteRunner.java:366)
	at org.testng.SuiteRunner.runSequentially(SuiteRunner.java:361)
	at org.testng.SuiteRunner.privateRun(SuiteRunner.java:319)
	at org.testng.SuiteRunner.run(SuiteRunner.java:268)
	at org.testng.SuiteRunnerWorker.runSuite(SuiteRunnerWorker.java:52)
	at org.testng.SuiteRunnerWorker.run(SuiteRunnerWorker.java:86)
	at org.testng.TestNG.runSuitesSequentially(TestNG.java:1244)
	at org.testng.TestNG.runSuitesLocally(TestNG.java:1169)
	at org.testng.TestNG.run(TestNG.java:1064)
	at org.testng.remote.AbstractRemoteTestNG.run(AbstractRemoteTestNG.java:114)
	at org.testng.remote.RemoteTestNG.initAndRun(RemoteTestNG.java:251)
	at org.testng.remote.RemoteTestNG.main(RemoteTestNG.java:77)
]]>
            </full-stacktrace>
          </exception> <!-- org.openqa.selenium.NoSuchElementException -->
          <reporter-output>
          </reporter-output>
        </test-method> <!-- SetFlagAtSecondEmployee -->
        <test-method status="PASS" signature="AssessmentsFilledOut()[pri:14, instance:consoleTest.AssessBatchTest@18be83e4]" name="AssessmentsFilledOut" duration-ms="3565" started-at="2018-10-10T21:31:51Z" finished-at="2018-10-10T21:31:54Z">
          <reporter-output>
          </reporter-output>
        </test-method> <!-- AssessmentsFilledOut -->
        <test-method status="PASS" signature="AssessmentNote()[pri:15, instance:consoleTest.AssessBatchTest@18be83e4]" name="AssessmentNote" duration-ms="3377" started-at="2018-10-10T21:31:54Z" finished-at="2018-10-10T21:31:58Z">
          <reporter-output>
          </reporter-output>
        </test-method> <!-- AssessmentNote -->
        <test-method status="PASS" signature="BranchSummaryNote()[pri:16, instance:consoleTest.AssessBatchTest@18be83e4]" name="BranchSummaryNote" duration-ms="258" started-at="2018-10-10T21:31:58Z" finished-at="2018-10-10T21:31:58Z">
          <reporter-output>
          </reporter-output>
        </test-method> <!-- BranchSummaryNote -->
        <test-method status="PASS" signature="WatchSaveSpin()[pri:17, instance:consoleTest.AssessBatchTest@18be83e4]" name="WatchSaveSpin" duration-ms="140" started-at="2018-10-10T21:31:58Z" finished-at="2018-10-10T21:31:58Z">
          <reporter-output>
          </reporter-output>
        </test-method> <!-- WatchSaveSpin -->
        <test-method status="PASS" signature="cleanup()[pri:0, instance:consoleTest.AssessBatchTest@18be83e4]" name="cleanup" is-config="true" duration-ms="7874" started-at="2018-10-10T21:31:58Z" finished-at="2018-10-10T21:32:06Z">
          <reporter-output>
          </reporter-output>
        </test-method> <!-- cleanup -->
      </class> <!-- consoleTest.AssessBatchTest -->
    </test> <!-- Default test -->
  </suite> <!-- Default suite -->
</testng-results>
